<?xml version="1.0" encoding="UTF-8"?>
<testsuite name="ohtu.verkkokauppa.KauppaTest" tests="7" skipped="0" failures="0" errors="0" timestamp="2021-11-28T14:07:58" hostname="DESKTOP-1DN5LTE" time="0.342">
  <properties/>
  <testcase name="uusiViite" classname="ohtu.verkkokauppa.KauppaTest" time="0.334"/>
  <testcase name="uusiOstoskori" classname="ohtu.verkkokauppa.KauppaTest" time="0.002"/>
  <testcase name="ostoksenPaaytyttyaPankinMetodiaTilisiirtoKutsutaan" classname="ohtu.verkkokauppa.KauppaTest" time="0.001"/>
  <testcase name="tilisiirtoTarkistusToinenLoppu" classname="ohtu.verkkokauppa.KauppaTest" time="0.001"/>
  <testcase name="tilisiirtoTarkistusKaksiSamaa" classname="ohtu.verkkokauppa.KauppaTest" time="0.001"/>
  <testcase name="tilisiirtoTarkistus" classname="ohtu.verkkokauppa.KauppaTest" time="0.001"/>
  <testcase name="ostoksenPaaytyttyaSummaVarmistetaan" classname="ohtu.verkkokauppa.KauppaTest" time="0.001"/>
  <system-out><![CDATA[]]></system-out>
  <system-err><![CDATA[]]></system-err>
</testsuite>
